app/build/intermediates/manifest_merge_blame_file/debug/manifest-merger-blame-debug-report.txt
1<?xml version="1.0" encoding="utf-8"?>
2<manifest xmlns:android="http://schemas.android.com/apk/res/android"
3    package="emn.southcoder.e_jeep"
4    android:versionCode="1"
5    android:versionName="1.0" >
6
7    <uses-sdk
8        android:minSdkVersion="16"
8-->src\main\AndroidManifest.xml
9        android:targetSdkVersion="28" />
9-->src\main\AndroidManifest.xml
10
11    <uses-feature
11-->src\main\AndroidManifest.xml:5:5-80
12        android:name="android.hardware.nfc"
12-->src\main\AndroidManifest.xml:5:19-54
13        android:required="true" />
13-->src\main\AndroidManifest.xml:5:55-78
14
15    <uses-permission android:name="android.permission.NFC" />
15-->src\main\AndroidManifest.xml:6:5-61
15-->src\main\AndroidManifest.xml:6:22-59
16    <uses-permission android:name="android.permission.ACCESS_NETWORK_STATE" />
16-->src\main\AndroidManifest.xml:7:5-78
16-->src\main\AndroidManifest.xml:7:22-76
17    <uses-permission android:name="android.permission.READ_PHONE_STATE" />
17-->src\main\AndroidManifest.xml:8:5-75
17-->src\main\AndroidManifest.xml:8:22-72
18
19    <application
19-->src\main\AndroidManifest.xml:10:5-32:19
20        android:allowBackup="true"
20-->src\main\AndroidManifest.xml:11:9-35
21        android:appComponentFactory="android.support.v4.app.CoreComponentFactory"
21-->[com.android.support:support-compat:28.0.0] AndroidManifest.xml:22:18-91
22        android:debuggable="true"
23        android:icon="@mipmap/ic_launcher"
23-->src\main\AndroidManifest.xml:12:9-43
24        android:label="@string/app_name"
24-->src\main\AndroidManifest.xml:13:9-41
25        android:roundIcon="@mipmap/ic_launcher_round"
25-->src\main\AndroidManifest.xml:14:9-54
26        android:supportsRtl="true"
26-->src\main\AndroidManifest.xml:15:9-35
27        android:theme="@style/AppTheme" >
27-->src\main\AndroidManifest.xml:16:9-40
28        <activity android:name="emn.southcoder.e_jeep.MainActivity" >
28-->src\main\AndroidManifest.xml:17:9-31:20
28-->src\main\AndroidManifest.xml:17:19-47
29            <intent-filter>
29-->src\main\AndroidManifest.xml:18:13-21:29
30                <action android:name="android.intent.action.MAIN" />
30-->src\main\AndroidManifest.xml:19:17-69
30-->src\main\AndroidManifest.xml:19:25-66
31
32                <category android:name="android.intent.category.LAUNCHER" />
32-->src\main\AndroidManifest.xml:20:17-77
32-->src\main\AndroidManifest.xml:20:27-74
33            </intent-filter>
34            <intent-filter>
34-->src\main\AndroidManifest.xml:22:13-25:29
35                <action android:name="android.nfc.action.TECH_DISCOVERED" />
35-->src\main\AndroidManifest.xml:23:17-76
35-->src\main\AndroidManifest.xml:23:25-74
36
37                <category android:name="android.intent.category.DEFAULT" />
37-->src\main\AndroidManifest.xml:24:17-75
37-->src\main\AndroidManifest.xml:24:27-73
38            </intent-filter>
39            <intent-filter>
39-->src\main\AndroidManifest.xml:26:13-29:29
40                <action android:name="android.nfc.action.TAG_LOST" />
40-->src\main\AndroidManifest.xml:27:17-69
40-->src\main\AndroidManifest.xml:27:25-67
41
42                <category android:name="android.intent.category.DEFAULT" />
42-->src\main\AndroidManifest.xml:24:17-75
42-->src\main\AndroidManifest.xml:24:27-73
43            </intent-filter>
44
45            <meta-data
45-->src\main\AndroidManifest.xml:30:13-115
46                android:name="android.nfc.action.TECH_DISCOVERED"
46-->src\main\AndroidManifest.xml:30:24-73
47                android:resource="@xml/nfc_tech_filter" />
47-->src\main\AndroidManifest.xml:30:74-113
48        </activity>
49    </application>
50
51</manifest>